<html>
<head>
<title>TestNG:  Swapi</title>
<link href="../testng.css" rel="stylesheet" type="text/css" />
<link href="../my-testng.css" rel="stylesheet" type="text/css" />

<style type="text/css">
.log { display: none;} 
.stack-trace { display: none;} 
</style>
<script type="text/javascript">
<!--
function flip(e) {
  current = e.style.display;
  if (current == 'block') {
    e.style.display = 'none';
    return 0;
  }
  else {
    e.style.display = 'block';
    return 1;
  }
}

function toggleBox(szDivId, elem, msg1, msg2)
{
  var res = -1;  if (document.getElementById) {
    res = flip(document.getElementById(szDivId));
  }
  else if (document.all) {
    // this is the way old msie versions work
    res = flip(document.all[szDivId]);
  }
  if(elem) {
    if(res == 0) elem.innerHTML = msg1; else elem.innerHTML = msg2;
  }

}

function toggleAllBoxes() {
  if (document.getElementsByTagName) {
    d = document.getElementsByTagName('div');
    for (i = 0; i < d.length; i++) {
      if (d[i].className == 'log') {
        flip(d[i]);
      }
    }
  }
}

// -->
</script>

</head>
<body>
<h2 align='center'>Swapi</h2><table border='1' align="center">
<tr>
<td>Tests passed/Failed/Skipped:</td><td>11/1/0</td>
</tr><tr>
<td>Started on:</td><td>Sat Mar 13 17:22:10 EST 2021</td>
</tr>
<tr><td>Total time:</td><td>27 seconds (27517 ms)</td>
</tr><tr>
<td>Included groups:</td><td></td>
</tr><tr>
<td>Excluded groups:</td><td></td>
</tr>
</table><p/>
<small><i>(Hover the method name to see the test class name)</i></small><p/>
<table width='100%' border='1' class='invocation-failed'>
<tr><td colspan='4' align='center'><b>FAILED TESTS</b></td></tr>
<tr><td><b>Test method</b></td>
<td width="30%"><b>Exception</b></td>
<td width="10%"><b>Time (seconds)</b></td>
<td><b>Instance</b></td>
</tr>
<tr>
<td title='swapi_tests.Search_for_Char_or_Planet.TC_8_SearchFor_char_or_planet_InvalidInput()'><b>TC_8_SearchFor_char_or_planet_InvalidInput</b><br>Test class: swapi_tests.Search_for_Char_or_Planet</td>
<td><div><pre>java.lang.AssertionError: expected [404] but found [200]
	at swapi_tests.Search_for_Char_or_Planet.TC_8_SearchFor_char_or_planet_InvalidInput(Search_for_Char_or_Planet.java:64)
	at java.base/java.util.ArrayList.forEach(ArrayList.java:1511)
	at java.base/java.util.concurrent.FutureTask.run(FutureTask.java:264)
	at java.base/java.util.concurrent.ThreadPoolExecutor.runWorker(ThreadPoolExecutor.java:1130)
	at java.base/java.util.concurrent.ThreadPoolExecutor$Worker.run(ThreadPoolExecutor.java:630)
	at java.base/java.lang.Thread.run(Thread.java:832)
... Removed 24 stack frames</pre></div><a href='#' onClick='toggleBox("stack-trace358547480", this, "Click to show all stack frames", "Click to hide stack frames")'>Click to show all stack frames</a>
<div class='stack-trace' id='stack-trace358547480'><pre>java.lang.AssertionError: expected [404] but found [200]
	at org.testng.Assert.fail(Assert.java:99)
	at org.testng.Assert.failNotEquals(Assert.java:1037)
	at org.testng.Assert.assertEqualsImpl(Assert.java:140)
	at org.testng.Assert.assertEquals(Assert.java:122)
	at org.testng.Assert.assertEquals(Assert.java:907)
	at org.testng.Assert.assertEquals(Assert.java:917)
	at swapi_tests.Search_for_Char_or_Planet.TC_8_SearchFor_char_or_planet_InvalidInput(Search_for_Char_or_Planet.java:64)
	at java.base/jdk.internal.reflect.NativeMethodAccessorImpl.invoke0(Native Method)
	at java.base/jdk.internal.reflect.NativeMethodAccessorImpl.invoke(NativeMethodAccessorImpl.java:64)
	at java.base/jdk.internal.reflect.DelegatingMethodAccessorImpl.invoke(DelegatingMethodAccessorImpl.java:43)
	at java.base/java.lang.reflect.Method.invoke(Method.java:564)
	at org.testng.internal.MethodInvocationHelper.invokeMethod(MethodInvocationHelper.java:132)
	at org.testng.internal.TestInvoker.invokeMethod(TestInvoker.java:599)
	at org.testng.internal.TestInvoker.invokeTestMethod(TestInvoker.java:174)
	at org.testng.internal.MethodRunner.runInSequence(MethodRunner.java:46)
	at org.testng.internal.TestInvoker$MethodInvocationAgent.invoke(TestInvoker.java:822)
	at org.testng.internal.TestInvoker.invokeTestMethods(TestInvoker.java:147)
	at org.testng.internal.TestMethodWorker.invokeTestMethods(TestMethodWorker.java:146)
	at org.testng.internal.TestMethodWorker.run(TestMethodWorker.java:128)
	at java.base/java.util.ArrayList.forEach(ArrayList.java:1511)
	at org.testng.TestRunner.privateRun(TestRunner.java:764)
	at org.testng.TestRunner.run(TestRunner.java:585)
	at org.testng.SuiteRunner.runTest(SuiteRunner.java:384)
	at org.testng.SuiteRunner.access$000(SuiteRunner.java:28)
	at org.testng.SuiteRunner$SuiteWorker.run(SuiteRunner.java:425)
	at org.testng.internal.thread.ThreadUtil.lambda$execute$0(ThreadUtil.java:66)
	at java.base/java.util.concurrent.FutureTask.run(FutureTask.java:264)
	at java.base/java.util.concurrent.ThreadPoolExecutor.runWorker(ThreadPoolExecutor.java:1130)
	at java.base/java.util.concurrent.ThreadPoolExecutor$Worker.run(ThreadPoolExecutor.java:630)
	at java.base/java.lang.Thread.run(Thread.java:832)
</pre></div></td>
<td>0</td>
<td>swapi_tests.Search_for_Char_or_Planet@5f058f00</td></tr>
</table><p>
<table width='100%' border='1' class='invocation-passed'>
<tr><td colspan='4' align='center'><b>PASSED TESTS</b></td></tr>
<tr><td><b>Test method</b></td>
<td width="30%"><b>Exception</b></td>
<td width="10%"><b>Time (seconds)</b></td>
<td><b>Instance</b></td>
</tr>
<tr>
<td title='swapi_tests.All_StarWars_Characters.TC_01_All_StarWars_char_validInput()'><b>TC_01_All_StarWars_char_validInput</b><br>Test class: swapi_tests.All_StarWars_Characters</td>
<td></td>
<td>3</td>
<td>swapi_tests.All_StarWars_Characters@6eda5c9</td></tr>
<tr>
<td title='swapi_tests.All_StarWars_Characters.TC_02_All_StarWars_char_InvalidInput()'><b>TC_02_All_StarWars_char_InvalidInput</b><br>Test class: swapi_tests.All_StarWars_Characters</td>
<td></td>
<td>0</td>
<td>swapi_tests.All_StarWars_Characters@6eda5c9</td></tr>
<tr>
<td title='swapi_tests.All_StarWars_Characters.TC_03_All_StarWars_char_NullInput()'><b>TC_03_All_StarWars_char_NullInput</b><br>Test class: swapi_tests.All_StarWars_Characters</td>
<td></td>
<td>0</td>
<td>swapi_tests.All_StarWars_Characters@6eda5c9</td></tr>
<tr>
<td title='swapi_tests.One_Specific_Starwars_Character.TC_04_OneSpecific_StarWars_char_validInput()'><b>TC_04_OneSpecific_StarWars_char_validInput</b><br>Test class: swapi_tests.One_Specific_Starwars_Character</td>
<td></td>
<td>0</td>
<td>swapi_tests.One_Specific_Starwars_Character@55b7a4e0</td></tr>
<tr>
<td title='swapi_tests.One_Specific_Starwars_Character.TC_05_OneSpecific_StarWars_char_InvalidInput()'><b>TC_05_OneSpecific_StarWars_char_InvalidInput</b><br>Test class: swapi_tests.One_Specific_Starwars_Character</td>
<td></td>
<td>0</td>
<td>swapi_tests.One_Specific_Starwars_Character@55b7a4e0</td></tr>
<tr>
<td title='swapi_tests.One_Specific_Starwars_Character.TC_06_OneSpecific_StarWars_char_NullInput()'><b>TC_06_OneSpecific_StarWars_char_NullInput</b><br>Test class: swapi_tests.One_Specific_Starwars_Character</td>
<td></td>
<td>0</td>
<td>swapi_tests.One_Specific_Starwars_Character@55b7a4e0</td></tr>
<tr>
<td title='swapi_tests.Search_for_Char_or_Planet.TC_7_SearchFor_char_or_planet_validInput()'><b>TC_7_SearchFor_char_or_planet_validInput</b><br>Test class: swapi_tests.Search_for_Char_or_Planet</td>
<td></td>
<td>0</td>
<td>swapi_tests.Search_for_Char_or_Planet@5f058f00</td></tr>
<tr>
<td title='swapi_tests.Search_for_Char_or_Planet.TC_9_SearchFor_char_or_planet_NullInput()'><b>TC_9_SearchFor_char_or_planet_NullInput</b><br>Test class: swapi_tests.Search_for_Char_or_Planet</td>
<td></td>
<td>0</td>
<td>swapi_tests.Search_for_Char_or_Planet@5f058f00</td></tr>
<tr>
<td title='swapi_tests.Functional_Tests.search_for_a_char_Invaliddata()'><b>search_for_a_char_Invaliddata</b><br>Test class: swapi_tests.Functional_Tests</td>
<td></td>
<td>0</td>
<td>swapi_tests.Functional_Tests@192d43ce</td></tr>
<tr>
<td title='swapi_tests.Functional_Tests.search_for_a_char_Null()'><b>search_for_a_char_Null</b><br>Test class: swapi_tests.Functional_Tests</td>
<td></td>
<td>0</td>
<td>swapi_tests.Functional_Tests@192d43ce</td></tr>
<tr>
<td title='swapi_tests.Functional_Tests.search_for_a_char_validdata()'><b>search_for_a_char_validdata</b><br>Test class: swapi_tests.Functional_Tests</td>
<td></td>
<td>0</td>
<td>swapi_tests.Functional_Tests@192d43ce</td></tr>
</table><p>
</body>
</html>