<?xml version="1.0" encoding="UTF-8"?>
<!-- Generated by org.testng.reporters.JUnitXMLReporter -->
<testsuite ignored="0" hostname="LAPTOP-085J8J9J" failures="1" tests="12" name="Swapi" time="27.517" errors="0" timestamp="2021-03-13T17:22:38 EST">
  <testcase classname="swapi_tests.All_StarWars_Characters" name="TC_01_All_StarWars_char_validInput" time="3.175"/>
  <testcase classname="swapi_tests.All_StarWars_Characters" name="TC_02_All_StarWars_char_InvalidInput" time="0.851"/>
  <testcase classname="swapi_tests.All_StarWars_Characters" name="TC_03_All_StarWars_char_NullInput" time="0.684"/>
  <testcase classname="swapi_tests.One_Specific_Starwars_Character" name="TC_04_OneSpecific_StarWars_char_validInput" time="0.797"/>
  <testcase classname="swapi_tests.One_Specific_Starwars_Character" name="TC_05_OneSpecific_StarWars_char_InvalidInput" time="0.694"/>
  <testcase classname="swapi_tests.One_Specific_Starwars_Character" name="TC_06_OneSpecific_StarWars_char_NullInput" time="0.918"/>
  <testcase classname="swapi_tests.Search_for_Char_or_Planet" name="TC_7_SearchFor_char_or_planet_validInput" time="0.735"/>
  <testcase classname="swapi_tests.Search_for_Char_or_Planet" name="TC_8_SearchFor_char_or_planet_InvalidInput" time="0.762">
    <failure type="java.lang.AssertionError" message="expected [404] but found [200]">
      <![CDATA[java.lang.AssertionError: expected [404] but found [200]
at swapi_tests.Search_for_Char_or_Planet.TC_8_SearchFor_char_or_planet_InvalidInput(Search_for_Char_or_Planet.java:64)
at java.base/java.util.ArrayList.forEach(ArrayList.java:1511)
at java.base/java.util.concurrent.FutureTask.run(FutureTask.java:264)
at java.base/java.util.concurrent.ThreadPoolExecutor.runWorker(ThreadPoolExecutor.java:1130)
at java.base/java.util.concurrent.ThreadPoolExecutor$Worker.run(ThreadPoolExecutor.java:630)
at java.base/java.lang.Thread.run(Thread.java:832)
... Removed 24 stack frames]]>
    </failure>
  </testcase> <!-- TC_8_SearchFor_char_or_planet_InvalidInput -->
  <testcase classname="swapi_tests.Search_for_Char_or_Planet" name="TC_9_SearchFor_char_or_planet_NullInput" time="0.702"/>
  <testcase classname="swapi_tests.Functional_Tests" name="search_for_a_char_Invaliddata" time="0.375"/>
  <testcase classname="swapi_tests.Functional_Tests" name="search_for_a_char_Null" time="0.271"/>
  <testcase classname="swapi_tests.Functional_Tests" name="search_for_a_char_validdata" time="0.419"/>
</testsuite> <!-- Swapi -->
