<?xml version="1.0" encoding="UTF-8"?>
<!-- Generated by org.testng.reporters.JUnitXMLReporter -->
<testsuite ignored="0" hostname="LAPTOP-085J8J9J" failures="1" tests="12" name=" API testing" time="25.17" errors="0" timestamp="2021-03-12T21:08:06 EST">
  <testcase classname="swapi_tests.All_StarWars_Characters" name="TC_01_All_StarWars_char_validInput" time="3.261"/>
  <testcase classname="swapi_tests.All_StarWars_Characters" name="TC_02_All_StarWars_char_InvalidInput" time="0.706"/>
  <testcase classname="swapi_tests.All_StarWars_Characters" name="TC_03_All_StarWars_char_NullInput" time="0.685"/>
  <testcase classname="swapi_tests.One_Specific_Starwars_Character" name="TC_04_OneSpecific_StarWars_char_validInput" time="0.776"/>
  <testcase classname="swapi_tests.One_Specific_Starwars_Character" name="TC_05_OneSpecific_StarWars_char_InvalidInput" time="0.704"/>
  <testcase classname="swapi_tests.One_Specific_Starwars_Character" name="TC_06_OneSpecific_StarWars_char_NullInput" time="0.87"/>
  <testcase classname="swapi_tests.Search_for_Char_or_Planet" name="TC_7_SearchFor_char_or_planet_validInput" time="0.749"/>
  <testcase classname="swapi_tests.Search_for_Char_or_Planet" name="TC_8_SearchFor_char_or_planet_InvalidInput" time="0.783">
    <failure type="java.lang.AssertionError" message="expected [404] but found [200]">
      <![CDATA[java.lang.AssertionError: expected [404] but found [200]
at swapi_tests.Search_for_Char_or_Planet.TC_8_SearchFor_char_or_planet_InvalidInput(Search_for_Char_or_Planet.java:64)
at java.base/java.util.ArrayList.forEach(ArrayList.java:1511)
... Removed 33 stack frames]]>
    </failure>
  </testcase> <!-- TC_8_SearchFor_char_or_planet_InvalidInput -->
  <testcase classname="swapi_tests.Search_for_Char_or_Planet" name="TC_9_SearchFor_char_or_planet_NullInput" time="0.704"/>
  <testcase classname="swapi_tests.Functional_Tests" name="search_for_a_char_Invaliddata" time="0.752"/>
  <testcase classname="swapi_tests.Functional_Tests" name="search_for_a_char_Null" time="0.472"/>
  <testcase classname="swapi_tests.Functional_Tests" name="search_for_a_char_validdata" time="0.48"/>
</testsuite> <!--  API testing -->
